<?xml version="1.0" encoding="UTF-8"?>
<TestRun id="53967a34-e66a-4f77-a571-f0f77d98e444" name="Administrator@POOH-PC 2014-06-12 11:57:24" runUser="Pooh-PC\Administrator" xmlns="http://microsoft.com/schemas/VisualStudio/TeamTest/2010">
  <TestSettings name="Local" id="0f5ccd24-3add-4bcc-bfce-3df46712b220">
    <Description>These are default test settings for a local test run.</Description>
    <Deployment enabled="false" runDeploymentRoot="Administrator_POOH-PC 2014-06-12 11_57_24">
      <DeploymentItem filename="D:\NIDA Software Engineer #3\CI7912 - Object-Oriented Analysis and Design\Project\NHibernate-3.3.3.GA-bin\Required_Bins\Iesi.Collections.dll" />
      <DeploymentItem filename="D:\NIDA Software Engineer #3\CI7912 - Object-Oriented Analysis and Design\Project\Survey\Survey\bin\Debug\SurveyModel.dll" />
      <DeploymentItem filename="D:\NIDA Software Engineer #3\CI7912 - Object-Oriented Analysis and Design\Project\NHibernate-3.3.3.GA-bin\Required_Bins\NHibernate.dll" />
      <DeploymentItem filename="D:\NIDA Software Engineer #3\CI7912 - Object-Oriented Analysis and Design\Project\Survey\SurveyORM\bin\Debug\SurveyORM.dll" />
    </Deployment>
    <Execution>
      <TestTypeSpecific />
      <AgentRule name="Execution Agents">
      </AgentRule>
    </Execution>
  </TestSettings>
  <Times creation="2014-06-12T11:57:24.6542087+07:00" queuing="2014-06-12T11:57:32.1166356+07:00" start="2014-06-12T11:57:32.5476602+07:00" finish="2014-06-12T11:59:32.9645477+07:00" />
  <ResultSummary outcome="Failed">
    <Counters total="6" executed="6" passed="5" error="0" failed="1" timeout="0" aborted="0" inconclusive="0" passedButRunAborted="0" notRunnable="0" notExecuted="0" disconnected="0" warning="0" completed="0" inProgress="0" pending="0" />
  </ResultSummary>
  <TestDefinitions>
    <UnitTest name="Test_ORM" storage="d:\nida software engineer #3\ci7912 - object-oriented analysis and design\project\survey\testsurvey\bin\debug\testsurvey.dll" id="7aca0496-002c-7d60-37df-61d0916a9cfa">
      <Execution id="2880017e-c9e9-4fb6-a9c6-d8bbee8e1587" />
      <TestMethod codeBase="D:/NIDA Software Engineer #3/CI7912 - Object-Oriented Analysis and Design/Project/Survey/TestSurvey/bin/Debug/TestSurvey.DLL" adapterTypeName="Microsoft.VisualStudio.TestTools.TestTypes.Unit.UnitTestAdapter, Microsoft.VisualStudio.QualityTools.Tips.UnitTest.Adapter, Version=10.0.0.0, Culture=neutral, PublicKeyToken=b03f5f7f11d50a3a" className="TestSurvey.UnitTest1, TestSurvey, Version=1.0.0.0, Culture=neutral, PublicKeyToken=null" name="Test_ORM" />
    </UnitTest>
    <UnitTest name="Test_Getting_A_Persisted_Survey_Form" storage="d:\nida software engineer #3\ci7912 - object-oriented analysis and design\project\survey\testsurvey\bin\debug\testsurvey.dll" id="cebcec0f-3947-44af-49a0-2f9334917d37">
      <Execution id="ae4f0b8f-a1c9-400b-bde6-520a2b2f1af3" />
      <TestMethod codeBase="D:/NIDA Software Engineer #3/CI7912 - Object-Oriented Analysis and Design/Project/Survey/TestSurvey/bin/Debug/TestSurvey.DLL" adapterTypeName="Microsoft.VisualStudio.TestTools.TestTypes.Unit.UnitTestAdapter, Microsoft.VisualStudio.QualityTools.Tips.UnitTest.Adapter, Version=10.0.0.0, Culture=neutral, PublicKeyToken=b03f5f7f11d50a3a" className="TestSurvey.UnitTest1, TestSurvey, Version=1.0.0.0, Culture=neutral, PublicKeyToken=null" name="Test_Getting_A_Persisted_Survey_Form" />
    </UnitTest>
    <UnitTest name="Test_Create_and_Persist_A_Response_Of_SurveyForm1" storage="d:\nida software engineer #3\ci7912 - object-oriented analysis and design\project\survey\testsurvey\bin\debug\testsurvey.dll" id="4b031f74-725d-08c9-c713-bb44629ef52e">
      <Execution id="d5d1db74-fdb2-41e6-a2e2-33408a4b5cd1" />
      <TestMethod codeBase="D:/NIDA Software Engineer #3/CI7912 - Object-Oriented Analysis and Design/Project/Survey/TestSurvey/bin/Debug/TestSurvey.DLL" adapterTypeName="Microsoft.VisualStudio.TestTools.TestTypes.Unit.UnitTestAdapter, Microsoft.VisualStudio.QualityTools.Tips.UnitTest.Adapter, Version=10.0.0.0, Culture=neutral, PublicKeyToken=b03f5f7f11d50a3a" className="TestSurvey.UnitTest1, TestSurvey, Version=1.0.0.0, Culture=neutral, PublicKeyToken=null" name="Test_Create_and_Persist_A_Response_Of_SurveyForm1" />
    </UnitTest>
    <UnitTest name="TestMethod1" storage="d:\nida software engineer #3\ci7912 - object-oriented analysis and design\project\survey\testsurvey\bin\debug\testsurvey.dll" id="fddb74da-6321-4acc-3102-ea87b34cbbf7">
      <Execution id="85659644-7269-4e60-b091-5befc4db0616" />
      <TestMethod codeBase="D:/NIDA Software Engineer #3/CI7912 - Object-Oriented Analysis and Design/Project/Survey/TestSurvey/bin/Debug/TestSurvey.DLL" adapterTypeName="Microsoft.VisualStudio.TestTools.TestTypes.Unit.UnitTestAdapter, Microsoft.VisualStudio.QualityTools.Tips.UnitTest.Adapter, Version=10.0.0.0, Culture=neutral, PublicKeyToken=b03f5f7f11d50a3a" className="TestSurvey.UnitTest1, TestSurvey, Version=1.0.0.0, Culture=neutral, PublicKeyToken=null" name="TestMethod1" />
    </UnitTest>
    <UnitTest name="Test_TypeName" storage="d:\nida software engineer #3\ci7912 - object-oriented analysis and design\project\survey\testsurvey\bin\debug\testsurvey.dll" id="33a24d51-9cc7-3e6b-a478-6406a6e39493">
      <Execution id="c36c6bbd-a75d-4f7d-8f4e-1083945045f0" />
      <TestMethod codeBase="D:/NIDA Software Engineer #3/CI7912 - Object-Oriented Analysis and Design/Project/Survey/TestSurvey/bin/Debug/TestSurvey.DLL" adapterTypeName="Microsoft.VisualStudio.TestTools.TestTypes.Unit.UnitTestAdapter, Microsoft.VisualStudio.QualityTools.Tips.UnitTest.Adapter, Version=10.0.0.0, Culture=neutral, PublicKeyToken=b03f5f7f11d50a3a" className="TestSurvey.UnitTest1, TestSurvey, Version=1.0.0.0, Culture=neutral, PublicKeyToken=null" name="Test_TypeName" />
    </UnitTest>
    <UnitTest name="Test_Create_and_Persist_Survey_Form1" storage="d:\nida software engineer #3\ci7912 - object-oriented analysis and design\project\survey\testsurvey\bin\debug\testsurvey.dll" id="0c8d2f84-fd80-6888-48f9-35c986fefc6b">
      <Execution id="e4dcd5b5-0fb1-4e28-85c9-d6936e24fa71" />
      <TestMethod codeBase="D:/NIDA Software Engineer #3/CI7912 - Object-Oriented Analysis and Design/Project/Survey/TestSurvey/bin/Debug/TestSurvey.DLL" adapterTypeName="Microsoft.VisualStudio.TestTools.TestTypes.Unit.UnitTestAdapter, Microsoft.VisualStudio.QualityTools.Tips.UnitTest.Adapter, Version=10.0.0.0, Culture=neutral, PublicKeyToken=b03f5f7f11d50a3a" className="TestSurvey.UnitTest1, TestSurvey, Version=1.0.0.0, Culture=neutral, PublicKeyToken=null" name="Test_Create_and_Persist_Survey_Form1" />
    </UnitTest>
  </TestDefinitions>
  <TestLists>
    <TestList name="Results Not in a List" id="8c84fa94-04c1-424b-9868-57a2d4851a1d" />
    <TestList name="All Loaded Results" id="19431567-8539-422a-85d7-44ee4e166bda" />
  </TestLists>
  <TestEntries>
    <TestEntry testId="7aca0496-002c-7d60-37df-61d0916a9cfa" executionId="2880017e-c9e9-4fb6-a9c6-d8bbee8e1587" testListId="8c84fa94-04c1-424b-9868-57a2d4851a1d" />
    <TestEntry testId="33a24d51-9cc7-3e6b-a478-6406a6e39493" executionId="c36c6bbd-a75d-4f7d-8f4e-1083945045f0" testListId="8c84fa94-04c1-424b-9868-57a2d4851a1d" />
    <TestEntry testId="fddb74da-6321-4acc-3102-ea87b34cbbf7" executionId="85659644-7269-4e60-b091-5befc4db0616" testListId="8c84fa94-04c1-424b-9868-57a2d4851a1d" />
    <TestEntry testId="0c8d2f84-fd80-6888-48f9-35c986fefc6b" executionId="e4dcd5b5-0fb1-4e28-85c9-d6936e24fa71" testListId="8c84fa94-04c1-424b-9868-57a2d4851a1d" />
    <TestEntry testId="cebcec0f-3947-44af-49a0-2f9334917d37" executionId="ae4f0b8f-a1c9-400b-bde6-520a2b2f1af3" testListId="8c84fa94-04c1-424b-9868-57a2d4851a1d" />
    <TestEntry testId="4b031f74-725d-08c9-c713-bb44629ef52e" executionId="d5d1db74-fdb2-41e6-a2e2-33408a4b5cd1" testListId="8c84fa94-04c1-424b-9868-57a2d4851a1d" />
  </TestEntries>
  <Results>
    <UnitTestResult executionId="2880017e-c9e9-4fb6-a9c6-d8bbee8e1587" testId="7aca0496-002c-7d60-37df-61d0916a9cfa" testName="Test_ORM" computerName="POOH-PC" duration="00:00:05.2754958" startTime="2014-06-12T11:57:32.8166756+07:00" endTime="2014-06-12T11:57:40.7671303+07:00" testType="13cdc9d9-ddb5-4fa4-a97d-d965ccfc6d4b" outcome="Passed" testListId="8c84fa94-04c1-424b-9868-57a2d4851a1d" relativeResultsDirectory="2880017e-c9e9-4fb6-a9c6-d8bbee8e1587">
    </UnitTestResult>
    <UnitTestResult executionId="c36c6bbd-a75d-4f7d-8f4e-1083945045f0" testId="33a24d51-9cc7-3e6b-a478-6406a6e39493" testName="Test_TypeName" computerName="POOH-PC" duration="00:00:00.0005165" startTime="2014-06-12T11:57:40.7791310+07:00" endTime="2014-06-12T11:57:40.7871315+07:00" testType="13cdc9d9-ddb5-4fa4-a97d-d965ccfc6d4b" outcome="Passed" testListId="8c84fa94-04c1-424b-9868-57a2d4851a1d" relativeResultsDirectory="c36c6bbd-a75d-4f7d-8f4e-1083945045f0">
    </UnitTestResult>
    <UnitTestResult executionId="85659644-7269-4e60-b091-5befc4db0616" testId="fddb74da-6321-4acc-3102-ea87b34cbbf7" testName="TestMethod1" computerName="POOH-PC" duration="00:00:00.0079169" startTime="2014-06-12T11:57:40.7921318+07:00" endTime="2014-06-12T11:57:40.8051325+07:00" testType="13cdc9d9-ddb5-4fa4-a97d-d965ccfc6d4b" outcome="Passed" testListId="8c84fa94-04c1-424b-9868-57a2d4851a1d" relativeResultsDirectory="85659644-7269-4e60-b091-5befc4db0616">
    </UnitTestResult>
    <UnitTestResult executionId="e4dcd5b5-0fb1-4e28-85c9-d6936e24fa71" testId="0c8d2f84-fd80-6888-48f9-35c986fefc6b" testName="Test_Create_and_Persist_Survey_Form1" computerName="POOH-PC" duration="00:00:01.8326966" startTime="2014-06-12T11:57:40.8111328+07:00" endTime="2014-06-12T11:57:42.6492380+07:00" testType="13cdc9d9-ddb5-4fa4-a97d-d965ccfc6d4b" outcome="Passed" testListId="8c84fa94-04c1-424b-9868-57a2d4851a1d" relativeResultsDirectory="e4dcd5b5-0fb1-4e28-85c9-d6936e24fa71">
      <Output>
        <StdOut>NHibernate: 
    INSERT 
    INTO
        SurveyForm
        (EffectiveFrom, EffectiveTo, Title, Instructions, EndNote) 
    VALUES
        (@p0, @p1, @p2, @p3, @p4);
    select
        SCOPE_IDENTITY();
    @p0 = 6/12/2014 11:57:40 AM [Type: DateTime (0)],
    @p1 = 12/31/9999 11:59:59 PM [Type: DateTime (0)],
    @p2 = 'Survey Form 1' [Type: String (4000)],
    @p3 = 'Please answer all the questions.' [Type: String (4000)],
    @p4 = NULL [Type: String (4000)]
NHibernate: 
    INSERT 
    INTO
        SurveyQuestion
        (SurveyFormID, ParentID, SequenceNo, Title, Instructions, Weight, Discriminator) 
    VALUES
        (@p0, @p1, @p2, @p3, @p4, @p5, 1);
    select
        SCOPE_IDENTITY();
    @p0 = 2 [Type: Int32 (0)],
    @p1 = NULL [Type: Int32 (0)],
    @p2 = 1 [Type: Int32 (0)],
    @p3 = 'First section' [Type: String (4000)],
    @p4 = NULL [Type: String (4000)],
    @p5 = 0 [Type: Single (0)]
NHibernate: 
    INSERT 
    INTO
        SurveyQuestion
        (SurveyFormID, ParentID, SequenceNo, Title, Instructions, Weight, Discriminator) 
    VALUES
        (@p0, @p1, @p2, @p3, @p4, @p5, 1);
    select
        SCOPE_IDENTITY();
    @p0 = NULL [Type: Int32 (0)],
    @p1 = 12 [Type: Int32 (0)],
    @p2 = 1 [Type: Int32 (0)],
    @p3 = 'Personal Information' [Type: String (4000)],
    @p4 = NULL [Type: String (4000)],
    @p5 = 0 [Type: Single (0)]
NHibernate: 
    INSERT 
    INTO
        SurveyQuestion
        (SurveyFormID, ParentID, SequenceNo, Title, Instructions, Weight, MaxNumberOfSelection, MinNumberOfSelection, Discriminator) 
    VALUES
        (@p0, @p1, @p2, @p3, @p4, @p5, @p6, @p7, 2);
    select
        SCOPE_IDENTITY();
    @p0 = NULL [Type: Int32 (0)],
    @p1 = 13 [Type: Int32 (0)],
    @p2 = 1 [Type: Int32 (0)],
    @p3 = 'Your gender is' [Type: String (4000)],
    @p4 = NULL [Type: String (4000)],
    @p5 = 0 [Type: Single (0)],
    @p6 = 1 [Type: Int32 (0)],
    @p7 = 1 [Type: Int32 (0)]
NHibernate: 
    INSERT 
    INTO
        Choice
        (ParentID, SequenceNo, Title, Weight, FurtherQuestionID) 
    VALUES
        (@p0, @p1, @p2, @p3, @p4);
    select
        SCOPE_IDENTITY();
    @p0 = 14 [Type: Int32 (0)],
    @p1 = 1 [Type: Int32 (0)],
    @p2 = 'Male' [Type: String (4000)],
    @p3 = 0 [Type: Double (0)],
    @p4 = NULL [Type: Int32 (0)]
NHibernate: 
    INSERT 
    INTO
        Choice
        (ParentID, SequenceNo, Title, Weight, FurtherQuestionID) 
    VALUES
        (@p0, @p1, @p2, @p3, @p4);
    select
        SCOPE_IDENTITY();
    @p0 = 14 [Type: Int32 (0)],
    @p1 = 2 [Type: Int32 (0)],
    @p2 = 'Female' [Type: String (4000)],
    @p3 = 0 [Type: Double (0)],
    @p4 = NULL [Type: Int32 (0)]
NHibernate: 
    INSERT 
    INTO
        SurveyQuestion
        (SurveyFormID, ParentID, SequenceNo, Title, Instructions, Weight, DefaultValue, MaxValue, MinValue, TitleSuffix, Discriminator) 
    VALUES
        (@p0, @p1, @p2, @p3, @p4, @p5, @p6, @p7, @p8, @p9, 5);
    select
        SCOPE_IDENTITY();
    @p0 = NULL [Type: Int32 (0)],
    @p1 = 13 [Type: Int32 (0)],
    @p2 = 2 [Type: Int32 (0)],
    @p3 = 'Your age is' [Type: String (4000)],
    @p4 = NULL [Type: String (4000)],
    @p5 = 0 [Type: Single (0)],
    @p6 = 30 [Type: Int32 (0)],
    @p7 = 120 [Type: Int32 (0)],
    @p8 = 10 [Type: Int32 (0)],
    @p9 = 'years' [Type: String (4000)]
NHibernate: 
    INSERT 
    INTO
        SurveyQuestion
        (SurveyFormID, ParentID, SequenceNo, Title, Instructions, Weight, DefaultValue, MaxValue, MinValue, TitleSuffix, Discriminator) 
    VALUES
        (@p0, @p1, @p2, @p3, @p4, @p5, @p6, @p7, @p8, @p9, 6);
    select
        SCOPE_IDENTITY();
    @p0 = NULL [Type: Int32 (0)],
    @p1 = 13 [Type: Int32 (0)],
    @p2 = 3 [Type: Int32 (0)],
    @p3 = 'Your birth date is' [Type: String (4000)],
    @p4 = NULL [Type: String (4000)],
    @p5 = 0 [Type: Single (0)],
    @p6 = 1/1/1940 12:00:00 AM [Type: DateTime (0)],
    @p7 = 4/6/2000 12:00:00 AM [Type: DateTime (0)],
    @p8 = 1/1/1940 12:00:00 AM [Type: DateTime (0)],
    @p9 = NULL [Type: String (4000)]
NHibernate: 
    INSERT 
    INTO
        SurveyQuestion
        (SurveyFormID, ParentID, SequenceNo, Title, Instructions, Weight, Discriminator) 
    VALUES
        (@p0, @p1, @p2, @p3, @p4, @p5, 1);
    select
        SCOPE_IDENTITY();
    @p0 = NULL [Type: Int32 (0)],
    @p1 = 12 [Type: Int32 (0)],
    @p2 = 2 [Type: Int32 (0)],
    @p3 = 'Marriage' [Type: String (4000)],
    @p4 = NULL [Type: String (4000)],
    @p5 = 0 [Type: Single (0)]
NHibernate: 
    INSERT 
    INTO
        SurveyQuestion
        (SurveyFormID, ParentID, SequenceNo, Title, Instructions, Weight, MaxNumberOfSelection, MinNumberOfSelection, Discriminator) 
    VALUES
        (@p0, @p1, @p2, @p3, @p4, @p5, @p6, @p7, 2);
    select
        SCOPE_IDENTITY();
    @p0 = NULL [Type: Int32 (0)],
    @p1 = 17 [Type: Int32 (0)],
    @p2 = 1 [Type: Int32 (0)],
    @p3 = 'What is you marriage status?' [Type: String (4000)],
    @p4 = NULL [Type: String (4000)],
    @p5 = 0 [Type: Single (0)],
    @p6 = 1 [Type: Int32 (0)],
    @p7 = 1 [Type: Int32 (0)]
NHibernate: 
    INSERT 
    INTO
        SurveyQuestion
        (SurveyFormID, ParentID, SequenceNo, Title, Instructions, Weight, DefaultValue, MaxValue, MinValue, TitleSuffix, Discriminator) 
    VALUES
        (@p0, @p1, @p2, @p3, @p4, @p5, @p6, @p7, @p8, @p9, 5);
    select
        SCOPE_IDENTITY();
    @p0 = NULL [Type: Int32 (0)],
    @p1 = NULL [Type: Int32 (0)],
    @p2 = 0 [Type: Int32 (0)],
    @p3 = 'Your spouse age is ' [Type: String (4000)],
    @p4 = NULL [Type: String (4000)],
    @p5 = 0 [Type: Single (0)],
    @p6 = 5 [Type: Int32 (0)],
    @p7 = 0 [Type: Int32 (0)],
    @p8 = 0 [Type: Int32 (0)],
    @p9 = 'years' [Type: String (4000)]
NHibernate: 
    INSERT 
    INTO
        Choice
        (ParentID, SequenceNo, Title, Weight, FurtherQuestionID) 
    VALUES
        (@p0, @p1, @p2, @p3, @p4);
    select
        SCOPE_IDENTITY();
    @p0 = 18 [Type: Int32 (0)],
    @p1 = 1 [Type: Int32 (0)],
    @p2 = 'สมรส' [Type: String (4000)],
    @p3 = 0 [Type: Double (0)],
    @p4 = 19 [Type: Int32 (0)]
NHibernate: 
    INSERT 
    INTO
        Choice
        (ParentID, SequenceNo, Title, Weight, FurtherQuestionID) 
    VALUES
        (@p0, @p1, @p2, @p3, @p4);
    select
        SCOPE_IDENTITY();
    @p0 = 18 [Type: Int32 (0)],
    @p1 = 2 [Type: Int32 (0)],
    @p2 = 'โสด' [Type: String (4000)],
    @p3 = 0 [Type: Double (0)],
    @p4 = NULL [Type: Int32 (0)]
NHibernate: 
    INSERT 
    INTO
        Choice
        (ParentID, SequenceNo, Title, Weight, FurtherQuestionID) 
    VALUES
        (@p0, @p1, @p2, @p3, @p4);
    select
        SCOPE_IDENTITY();
    @p0 = 18 [Type: Int32 (0)],
    @p1 = 3 [Type: Int32 (0)],
    @p2 = 'หม้าย' [Type: String (4000)],
    @p3 = 0 [Type: Double (0)],
    @p4 = NULL [Type: Int32 (0)]
NHibernate: 
    INSERT 
    INTO
        SurveyQuestion
        (SurveyFormID, ParentID, SequenceNo, Title, Instructions, Weight, Discriminator) 
    VALUES
        (@p0, @p1, @p2, @p3, @p4, @p5, 1);
    select
        SCOPE_IDENTITY();
    @p0 = 2 [Type: Int32 (0)],
    @p1 = NULL [Type: Int32 (0)],
    @p2 = 2 [Type: Int32 (0)],
    @p3 = 'Education' [Type: String (4000)],
    @p4 = NULL [Type: String (4000)],
    @p5 = 0 [Type: Single (0)]
NHibernate: 
    INSERT 
    INTO
        SurveyQuestion
        (SurveyFormID, ParentID, SequenceNo, Title, Instructions, Weight, MaxNumberOfSelection, MinNumberOfSelection, Discriminator) 
    VALUES
        (@p0, @p1, @p2, @p3, @p4, @p5, @p6, @p7, 2);
    select
        SCOPE_IDENTITY();
    @p0 = NULL [Type: Int32 (0)],
    @p1 = 20 [Type: Int32 (0)],
    @p2 = 1 [Type: Int32 (0)],
    @p3 = 'Your education level is' [Type: String (4000)],
    @p4 = NULL [Type: String (4000)],
    @p5 = 0 [Type: Single (0)],
    @p6 = 1 [Type: Int32 (0)],
    @p7 = 1 [Type: Int32 (0)]
NHibernate: 
    INSERT 
    INTO
        Choice
        (ParentID, SequenceNo, Title, Weight, FurtherQuestionID) 
    VALUES
        (@p0, @p1, @p2, @p3, @p4);
    select
        SCOPE_IDENTITY();
    @p0 = 21 [Type: Int32 (0)],
    @p1 = 1 [Type: Int32 (0)],
    @p2 = 'Doctoral degree' [Type: String (4000)],
    @p3 = 0 [Type: Double (0)],
    @p4 = NULL [Type: Int32 (0)]
NHibernate: 
    INSERT 
    INTO
        Choice
        (ParentID, SequenceNo, Title, Weight, FurtherQuestionID) 
    VALUES
        (@p0, @p1, @p2, @p3, @p4);
    select
        SCOPE_IDENTITY();
    @p0 = 21 [Type: Int32 (0)],
    @p1 = 2 [Type: Int32 (0)],
    @p2 = 'Master degree' [Type: String (4000)],
    @p3 = 0 [Type: Double (0)],
    @p4 = NULL [Type: Int32 (0)]
NHibernate: 
    INSERT 
    INTO
        Choice
        (ParentID, SequenceNo, Title, Weight, FurtherQuestionID) 
    VALUES
        (@p0, @p1, @p2, @p3, @p4);
    select
        SCOPE_IDENTITY();
    @p0 = 21 [Type: Int32 (0)],
    @p1 = 3 [Type: Int32 (0)],
    @p2 = 'Bachelor degree' [Type: String (4000)],
    @p3 = 0 [Type: Double (0)],
    @p4 = NULL [Type: Int32 (0)]
NHibernate: 
    INSERT 
    INTO
        Choice
        (ParentID, SequenceNo, Title, Weight, FurtherQuestionID) 
    VALUES
        (@p0, @p1, @p2, @p3, @p4);
    select
        SCOPE_IDENTITY();
    @p0 = 21 [Type: Int32 (0)],
    @p1 = 4 [Type: Int32 (0)],
    @p2 = 'High school diploma' [Type: String (4000)],
    @p3 = 0 [Type: Double (0)],
    @p4 = NULL [Type: Int32 (0)]
NHibernate: 
    INSERT 
    INTO
        Choice
        (ParentID, SequenceNo, Title, Weight, FurtherQuestionID) 
    VALUES
        (@p0, @p1, @p2, @p3, @p4);
    select
        SCOPE_IDENTITY();
    @p0 = 21 [Type: Int32 (0)],
    @p1 = 5 [Type: Int32 (0)],
    @p2 = 'Below high school' [Type: String (4000)],
    @p3 = 0 [Type: Double (0)],
    @p4 = NULL [Type: Int32 (0)]
NHibernate: 
    INSERT 
    INTO
        SurveyQuestion
        (SurveyFormID, ParentID, SequenceNo, Title, Instructions, Weight, MaxNumberOfSelection, MinNumberOfSelection, Discriminator) 
    VALUES
        (@p0, @p1, @p2, @p3, @p4, @p5, @p6, @p7, 3);
    select
        SCOPE_IDENTITY();
    @p0 = NULL [Type: Int32 (0)],
    @p1 = 20 [Type: Int32 (0)],
    @p2 = 2 [Type: Int32 (0)],
    @p3 = 'Section B: Your Supervisor/Manager' [Type: String (4000)],
    @p4 = 'Please indicate your agreement or disagreement with the following statements about your immediate supervisor/manager or person to whom you directly report. Mark your answer by filling in the circle.' [Type: String (4000)],
    @p5 = 0 [Type: Single (0)],
    @p6 = 1 [Type: Int32 (0)],
    @p7 = 1 [Type: Int32 (0)]
NHibernate: 
    INSERT 
    INTO
        Choice
        (ParentID, SequenceNo, Title, Weight, FurtherQuestionID) 
    VALUES
        (@p0, @p1, @p2, @p3, @p4);
    select
        SCOPE_IDENTITY();
    @p0 = 22 [Type: Int32 (0)],
    @p1 = 1 [Type: Int32 (0)],
    @p2 = 'Strongly Disagree' [Type: String (4000)],
    @p3 = 1 [Type: Double (0)],
    @p4 = NULL [Type: Int32 (0)]
NHibernate: 
    INSERT 
    INTO
        Choice
        (ParentID, SequenceNo, Title, Weight, FurtherQuestionID) 
    VALUES
        (@p0, @p1, @p2, @p3, @p4);
    select
        SCOPE_IDENTITY();
    @p0 = 22 [Type: Int32 (0)],
    @p1 = 2 [Type: Int32 (0)],
    @p2 = 'Disagree' [Type: String (4000)],
    @p3 = 2 [Type: Double (0)],
    @p4 = NULL [Type: Int32 (0)]
NHibernate: 
    INSERT 
    INTO
        Choice
        (ParentID, SequenceNo, Title, Weight, FurtherQuestionID) 
    VALUES
        (@p0, @p1, @p2, @p3, @p4);
    select
        SCOPE_IDENTITY();
    @p0 = 22 [Type: Int32 (0)],
    @p1 = 3 [Type: Int32 (0)],
    @p2 = 'Neither' [Type: String (4000)],
    @p3 = 3 [Type: Double (0)],
    @p4 = NULL [Type: Int32 (0)]
NHibernate: 
    INSERT 
    INTO
        Choice
        (ParentID, SequenceNo, Title, Weight, FurtherQuestionID) 
    VALUES
        (@p0, @p1, @p2, @p3, @p4);
    select
        SCOPE_IDENTITY();
    @p0 = 22 [Type: Int32 (0)],
    @p1 = 4 [Type: Int32 (0)],
    @p2 = 'Agree' [Type: String (4000)],
    @p3 = 4 [Type: Double (0)],
    @p4 = NULL [Type: Int32 (0)]
NHibernate: 
    INSERT 
    INTO
        Choice
        (ParentID, SequenceNo, Title, Weight, FurtherQuestionID) 
    VALUES
        (@p0, @p1, @p2, @p3, @p4);
    select
        SCOPE_IDENTITY();
    @p0 = 22 [Type: Int32 (0)],
    @p1 = 5 [Type: Int32 (0)],
    @p2 = 'Strongly Agree' [Type: String (4000)],
    @p3 = 5 [Type: Double (0)],
    @p4 = NULL [Type: Int32 (0)]
NHibernate: 
    INSERT 
    INTO
        LikertItem
        (ParentID, SequenceNo, Title) 
    VALUES
        (@p0, @p1, @p2);
    select
        SCOPE_IDENTITY();
    @p0 = 22 [Type: Int32 (0)],
    @p1 = 1 [Type: Int32 (0)],
    @p2 = 'My supervisor/manager says a good word when he/she sees a job done according to established patient safety procedures' [Type: String (4000)]
NHibernate: 
    INSERT 
    INTO
        LikertItem
        (ParentID, SequenceNo, Title) 
    VALUES
        (@p0, @p1, @p2);
    select
        SCOPE_IDENTITY();
    @p0 = 22 [Type: Int32 (0)],
    @p1 = 2 [Type: Int32 (0)],
    @p2 = 'My supervisor/manager seriously considers staff suggestions for improving patient safety' [Type: String (4000)]
NHibernate: 
    INSERT 
    INTO
        LikertItem
        (ParentID, SequenceNo, Title) 
    VALUES
        (@p0, @p1, @p2);
    select
        SCOPE_IDENTITY();
    @p0 = 22 [Type: Int32 (0)],
    @p1 = 3 [Type: Int32 (0)],
    @p2 = 'Whenever pressure builds up, my supervisor/manager wants us to work faster, even if it means taking shortcuts' [Type: String (4000)]
NHibernate: 
    INSERT 
    INTO
        LikertItem
        (ParentID, SequenceNo, Title) 
    VALUES
        (@p0, @p1, @p2);
    select
        SCOPE_IDENTITY();
    @p0 = 22 [Type: Int32 (0)],
    @p1 = 4 [Type: Int32 (0)],
    @p2 = 'My supervisor/manager overlooks patient safety problems that happen over and over' [Type: String (4000)]</StdOut>
      </Output>
    </UnitTestResult>
    <UnitTestResult executionId="ae4f0b8f-a1c9-400b-bde6-520a2b2f1af3" testId="cebcec0f-3947-44af-49a0-2f9334917d37" testName="Test_Getting_A_Persisted_Survey_Form" computerName="POOH-PC" duration="00:01:32.6520323" startTime="2014-06-12T11:57:42.6542383+07:00" endTime="2014-06-12T11:59:15.3155382+07:00" testType="13cdc9d9-ddb5-4fa4-a97d-d965ccfc6d4b" outcome="Passed" testListId="8c84fa94-04c1-424b-9868-57a2d4851a1d" relativeResultsDirectory="ae4f0b8f-a1c9-400b-bde6-520a2b2f1af3">
      <Output>
        <StdOut>NHibernate: 
    SELECT
        this_.ID as ID4_0_,
        this_.EffectiveFrom as Effectiv2_4_0_,
        this_.EffectiveTo as Effectiv3_4_0_,
        this_.Title as Title4_0_,
        this_.Instructions as Instruct5_4_0_,
        this_.EndNote as EndNote4_0_ 
    FROM
        SurveyForm this_ 
    WHERE
        (
            (
                this_.Title = @p0 
                and this_.EffectiveFrom &lt;= @p1
            ) 
            and this_.EffectiveTo &gt; @p2
        );
    @p0 = 'Survey Form 1' [Type: String (4000)], @p1 = 6/12/2014 12:00:00 AM [Type: DateTime (0)], @p2 = 6/12/2014 12:00:00 AM [Type: DateTime (0)]
NHibernate: 
    SELECT
        questions0_.SurveyFormID as SurveyFo3_1_,
        questions0_.ID as ID1_,
        questions0_.ID as ID7_0_,
        questions0_.SurveyFormID as SurveyFo3_7_0_,
        questions0_.ParentID as ParentID7_0_,
        questions0_.SequenceNo as SequenceNo7_0_,
        questions0_.Title as Title7_0_,
        questions0_.Instructions as Instruct7_7_0_,
        questions0_.Weight as Weight7_0_,
        questions0_.MaxNumberOfSelection as MaxNumbe9_7_0_,
        questions0_.MinNumberOfSelection as MinNumb10_7_0_,
        questions0_.DefaultValue as Default11_7_0_,
        questions0_.MaxValue as MaxValue7_0_,
        questions0_.MinValue as MinValue7_0_,
        questions0_.TitleSuffix as TitleSu14_7_0_,
        questions0_.Discriminator as Discrimi2_7_0_ 
    FROM
        SurveyQuestion questions0_ 
    WHERE
        questions0_.SurveyFormID=@p0;
    @p0 = 1 [Type: Int32 (0)]</StdOut>
      </Output>
    </UnitTestResult>
    <UnitTestResult executionId="d5d1db74-fdb2-41e6-a2e2-33408a4b5cd1" testId="4b031f74-725d-08c9-c713-bb44629ef52e" testName="Test_Create_and_Persist_A_Response_Of_SurveyForm1" computerName="POOH-PC" duration="00:00:17.1827485" startTime="2014-06-12T11:59:15.3785418+07:00" endTime="2014-06-12T11:59:32.5745253+07:00" testType="13cdc9d9-ddb5-4fa4-a97d-d965ccfc6d4b" outcome="Failed" testListId="8c84fa94-04c1-424b-9868-57a2d4851a1d" relativeResultsDirectory="d5d1db74-fdb2-41e6-a2e2-33408a4b5cd1">
      <Output>
        <StdOut>NHibernate: 
    SELECT
        this_.ID as ID4_0_,
        this_.EffectiveFrom as Effectiv2_4_0_,
        this_.EffectiveTo as Effectiv3_4_0_,
        this_.Title as Title4_0_,
        this_.Instructions as Instruct5_4_0_,
        this_.EndNote as EndNote4_0_ 
    FROM
        SurveyForm this_ 
    WHERE
        (
            (
                this_.Title = @p0 
                and this_.EffectiveFrom &lt;= @p1
            ) 
            and this_.EffectiveTo &gt; @p2
        );
    @p0 = 'Survey Form 1' [Type: String (4000)], @p1 = 6/12/2014 11:59:15 AM [Type: DateTime (0)], @p2 = 6/12/2014 11:59:15 AM [Type: DateTime (0)]</StdOut>
        <ErrorInfo>
          <Message>Test method TestSurvey.UnitTest1.Test_Create_and_Persist_A_Response_Of_SurveyForm1 threw exception: 
NHibernate.NonUniqueResultException: query did not return a unique result: 2</Message>
          <StackTrace>    at NHibernate.Impl.AbstractQueryImpl.UniqueElement(IList list) in p:\nhibernate-core\src\NHibernate\Impl\AbstractQueryImpl.cs:line 975
   at NHibernate.Impl.CriteriaImpl.UniqueResult() in p:\nhibernate-core\src\NHibernate\Impl\CriteriaImpl.cs:line 428
   at NHibernate.Impl.CriteriaImpl.UniqueResult[T]() in p:\nhibernate-core\src\NHibernate\Impl\CriteriaImpl.cs:line 282
   at NHibernate.Criterion.QueryOver`1.SingleOrDefault() in p:\nhibernate-core\src\NHibernate\Criterion\QueryOver.cs:line 77
   at NHibernate.Criterion.QueryOver`1.NHibernate.IQueryOver&lt;TRoot&gt;.SingleOrDefault() in p:\nhibernate-core\src\NHibernate\Criterion\QueryOver.cs:line 232
   at TestSurvey.UnitTest1.Test_Create_and_Persist_A_Response_Of_SurveyForm1() in D:\NIDA Software Engineer #3\CI7912 - Object-Oriented Analysis and Design\Project\Survey\TestSurvey\UnitTest1.cs:line 269
</StackTrace>
        </ErrorInfo>
      </Output>
    </UnitTestResult>
  </Results>
</TestRun>